2019-03-15 15:22:39,971 DEBUG [main] cache:45 - Couldn't find template in cache for "v3html/v3-html-index.ftl"("en", UTF-8, parsed); will try to load it.
2019-03-15 15:22:39,974 DEBUG [main] cache:45 - TemplateLoader.findTemplateSource("v3html/v3-html-index_en.ftl"): Not found
2019-03-15 15:22:39,975 DEBUG [main] cache:45 - TemplateLoader.findTemplateSource("v3html/v3-html-index.ftl"): Found
2019-03-15 15:22:39,976 DEBUG [main] cache:45 - Loading template for "v3html/v3-html-index.ftl"("en", UTF-8, parsed) from "jar:file:/C:/Users/neova500/.m2/repository/com/aventstack/extentreports/4.0.5/extentreports-4.0.5.jar!/com/aventstack/extentreports/view/v3html/v3-html-index.ftl"
2019-03-15 15:22:40,134 DEBUG [main] cache:45 - Couldn't find template in cache for "v3html/v3-html-head.ftl"("en", UTF-8, parsed); will try to load it.
2019-03-15 15:22:40,135 DEBUG [main] cache:45 - TemplateLoader.findTemplateSource("v3html/v3-html-head_en.ftl"): Not found
2019-03-15 15:22:40,135 DEBUG [main] cache:45 - TemplateLoader.findTemplateSource("v3html/v3-html-head.ftl"): Found
2019-03-15 15:22:40,136 DEBUG [main] cache:45 - Loading template for "v3html/v3-html-head.ftl"("en", UTF-8, parsed) from "jar:file:/C:/Users/neova500/.m2/repository/com/aventstack/extentreports/4.0.5/extentreports-4.0.5.jar!/com/aventstack/extentreports/view/v3html/v3-html-head.ftl"
2019-03-15 15:22:40,138 DEBUG [main] cache:45 - Couldn't find template in cache for "v3html/v3-html-nav.ftl"("en", UTF-8, parsed); will try to load it.
2019-03-15 15:22:40,139 DEBUG [main] cache:45 - TemplateLoader.findTemplateSource("v3html/v3-html-nav_en.ftl"): Not found
2019-03-15 15:22:40,140 DEBUG [main] cache:45 - TemplateLoader.findTemplateSource("v3html/v3-html-nav.ftl"): Found
2019-03-15 15:22:40,141 DEBUG [main] cache:45 - Loading template for "v3html/v3-html-nav.ftl"("en", UTF-8, parsed) from "jar:file:/C:/Users/neova500/.m2/repository/com/aventstack/extentreports/4.0.5/extentreports-4.0.5.jar!/com/aventstack/extentreports/view/v3html/v3-html-nav.ftl"
2019-03-15 15:22:40,150 DEBUG [main] cache:45 - Couldn't find template in cache for "v3html/test-view/v3-html-test-view.ftl"("en", UTF-8, parsed); will try to load it.
2019-03-15 15:22:40,150 DEBUG [main] cache:45 - TemplateLoader.findTemplateSource("v3html/test-view/v3-html-test-view_en.ftl"): Not found
2019-03-15 15:22:40,151 DEBUG [main] cache:45 - TemplateLoader.findTemplateSource("v3html/test-view/v3-html-test-view.ftl"): Found
2019-03-15 15:22:40,152 DEBUG [main] cache:45 - Loading template for "v3html/test-view/v3-html-test-view.ftl"("en", UTF-8, parsed) from "jar:file:/C:/Users/neova500/.m2/repository/com/aventstack/extentreports/4.0.5/extentreports-4.0.5.jar!/com/aventstack/extentreports/view/v3html/test-view/v3-html-test-view.ftl"
2019-03-15 15:22:40,169 DEBUG [main] cache:45 - Couldn't find template in cache for "v3html/test-view/v3-html-test-view-charts.ftl"("en", UTF-8, parsed); will try to load it.
2019-03-15 15:22:40,170 DEBUG [main] cache:45 - TemplateLoader.findTemplateSource("v3html/test-view/v3-html-test-view-charts_en.ftl"): Not found
2019-03-15 15:22:40,171 DEBUG [main] cache:45 - TemplateLoader.findTemplateSource("v3html/test-view/v3-html-test-view-charts.ftl"): Found
2019-03-15 15:22:40,171 DEBUG [main] cache:45 - Loading template for "v3html/test-view/v3-html-test-view-charts.ftl"("en", UTF-8, parsed) from "jar:file:/C:/Users/neova500/.m2/repository/com/aventstack/extentreports/4.0.5/extentreports-4.0.5.jar!/com/aventstack/extentreports/view/v3html/test-view/v3-html-test-view-charts.ftl"
2019-03-15 15:22:40,180 DEBUG [main] cache:45 - Couldn't find template in cache for "v3html/test-view/v3-html-standard.ftl"("en", UTF-8, parsed); will try to load it.
2019-03-15 15:22:40,180 DEBUG [main] cache:45 - TemplateLoader.findTemplateSource("v3html/test-view/v3-html-standard_en.ftl"): Not found
2019-03-15 15:22:40,181 DEBUG [main] cache:45 - TemplateLoader.findTemplateSource("v3html/test-view/v3-html-standard.ftl"): Found
2019-03-15 15:22:40,181 DEBUG [main] cache:45 - Loading template for "v3html/test-view/v3-html-standard.ftl"("en", UTF-8, parsed) from "jar:file:/C:/Users/neova500/.m2/repository/com/aventstack/extentreports/4.0.5/extentreports-4.0.5.jar!/com/aventstack/extentreports/view/v3html/test-view/v3-html-standard.ftl"
2019-03-15 15:22:40,200 DEBUG [main] cache:45 - "v3html/test-view/v3-html-standard.ftl"("en", UTF-8, parsed) cached copy not yet stale; using cached.
2019-03-15 15:22:40,204 DEBUG [main] cache:45 - "v3html/test-view/v3-html-standard.ftl"("en", UTF-8, parsed) cached copy not yet stale; using cached.
2019-03-15 15:22:40,206 DEBUG [main] cache:45 - Couldn't find template in cache for "v3html/category-view/v3-html-category-view.ftl"("en", UTF-8, parsed); will try to load it.
2019-03-15 15:22:40,207 DEBUG [main] cache:45 - TemplateLoader.findTemplateSource("v3html/category-view/v3-html-category-view_en.ftl"): Not found
2019-03-15 15:22:40,208 DEBUG [main] cache:45 - TemplateLoader.findTemplateSource("v3html/category-view/v3-html-category-view.ftl"): Found
2019-03-15 15:22:40,208 DEBUG [main] cache:45 - Loading template for "v3html/category-view/v3-html-category-view.ftl"("en", UTF-8, parsed) from "jar:file:/C:/Users/neova500/.m2/repository/com/aventstack/extentreports/4.0.5/extentreports-4.0.5.jar!/com/aventstack/extentreports/view/v3html/category-view/v3-html-category-view.ftl"
2019-03-15 15:22:40,211 DEBUG [main] cache:45 - Couldn't find template in cache for "v3html/exception-view/v3-html-exception-view.ftl"("en", UTF-8, parsed); will try to load it.
2019-03-15 15:22:40,212 DEBUG [main] cache:45 - TemplateLoader.findTemplateSource("v3html/exception-view/v3-html-exception-view_en.ftl"): Not found
2019-03-15 15:22:40,213 DEBUG [main] cache:45 - TemplateLoader.findTemplateSource("v3html/exception-view/v3-html-exception-view.ftl"): Found
2019-03-15 15:22:40,213 DEBUG [main] cache:45 - Loading template for "v3html/exception-view/v3-html-exception-view.ftl"("en", UTF-8, parsed) from "jar:file:/C:/Users/neova500/.m2/repository/com/aventstack/extentreports/4.0.5/extentreports-4.0.5.jar!/com/aventstack/extentreports/view/v3html/exception-view/v3-html-exception-view.ftl"
2019-03-15 15:22:40,218 DEBUG [main] cache:45 - Couldn't find template in cache for "v3html/author-view/v3-html-author-view.ftl"("en", UTF-8, parsed); will try to load it.
2019-03-15 15:22:40,218 DEBUG [main] cache:45 - TemplateLoader.findTemplateSource("v3html/author-view/v3-html-author-view_en.ftl"): Not found
2019-03-15 15:22:40,219 DEBUG [main] cache:45 - TemplateLoader.findTemplateSource("v3html/author-view/v3-html-author-view.ftl"): Found
2019-03-15 15:22:40,220 DEBUG [main] cache:45 - Loading template for "v3html/author-view/v3-html-author-view.ftl"("en", UTF-8, parsed) from "jar:file:/C:/Users/neova500/.m2/repository/com/aventstack/extentreports/4.0.5/extentreports-4.0.5.jar!/com/aventstack/extentreports/view/v3html/author-view/v3-html-author-view.ftl"
2019-03-15 15:22:40,223 DEBUG [main] cache:45 - Couldn't find template in cache for "v3html/dashboard-view/v3-html-dashboard-view.ftl"("en", UTF-8, parsed); will try to load it.
2019-03-15 15:22:40,224 DEBUG [main] cache:45 - TemplateLoader.findTemplateSource("v3html/dashboard-view/v3-html-dashboard-view_en.ftl"): Not found
2019-03-15 15:22:40,225 DEBUG [main] cache:45 - TemplateLoader.findTemplateSource("v3html/dashboard-view/v3-html-dashboard-view.ftl"): Found
2019-03-15 15:22:40,226 DEBUG [main] cache:45 - Loading template for "v3html/dashboard-view/v3-html-dashboard-view.ftl"("en", UTF-8, parsed) from "jar:file:/C:/Users/neova500/.m2/repository/com/aventstack/extentreports/4.0.5/extentreports-4.0.5.jar!/com/aventstack/extentreports/view/v3html/dashboard-view/v3-html-dashboard-view.ftl"
2019-03-15 15:22:40,233 DEBUG [main] cache:45 - Couldn't find template in cache for "v3html/logs-view/v3-html-testrunner-logs-view.ftl"("en", UTF-8, parsed); will try to load it.
2019-03-15 15:22:40,234 DEBUG [main] cache:45 - TemplateLoader.findTemplateSource("v3html/logs-view/v3-html-testrunner-logs-view_en.ftl"): Not found
2019-03-15 15:22:40,235 DEBUG [main] cache:45 - TemplateLoader.findTemplateSource("v3html/logs-view/v3-html-testrunner-logs-view.ftl"): Found
2019-03-15 15:22:40,236 DEBUG [main] cache:45 - Loading template for "v3html/logs-view/v3-html-testrunner-logs-view.ftl"("en", UTF-8, parsed) from "jar:file:/C:/Users/neova500/.m2/repository/com/aventstack/extentreports/4.0.5/extentreports-4.0.5.jar!/com/aventstack/extentreports/view/v3html/logs-view/v3-html-testrunner-logs-view.ftl"
